<?xml version="1.0" encoding="UTF-8"?>
<!-- Generated by org.testng.reporters.JUnitReportReporter -->
<testsuite skipped="0" hostname="Nivedhana-Pooja" name="TestEmployeeDetails" tests="2" failures="0" timestamp="11 Jun 2020 06:06:34 GMT" time="0.010" errors="0">
  <testcase name="testCalculateYearlySalary" time="0.001" classname="TestEmployeeDetails"/>
  <testcase name="testCalculateAppriasal" time="0.009" classname="TestEmployeeDetails"/>
</testsuite> <!-- TestEmployeeDetails -->
